#
# There is insufficient memory for the Java Runtime Environment to continue.
# Native memory allocation (malloc) failed to allocate 1225616 bytes for Chunk::new
# Possible reasons:
#   The system is out of physical RAM or swap space
#   The process is running with CompressedOops enabled, and the Java Heap may be blocking the growth of the native heap
# Possible solutions:
#   Reduce memory load on the system
#   Increase physical memory or swap space
#   Check if swap backing store is full
#   Decrease Java heap size (-Xmx/-Xms)
#   Decrease number of Java threads
#   Decrease Java thread stack sizes (-Xss)
#   Set larger code cache with -XX:ReservedCodeCacheSize=
#   JVM is running with Unscaled Compressed Oops mode in which the Java heap is
#     placed in the first 4GB address space. The Java Heap base address is the
#     maximum limit for the native heap growth. Please use -XX:HeapBaseMinAddress
#     to set the Java Heap base and to place the Java Heap above 4GB virtual address.
# This output file may be truncated or incomplete.
#
#  Out of Memory Error (./src/hotspot/share/memory/arena.cpp:197), pid=11488, tid=22700
#
# JRE version: OpenJDK Runtime Environment (11.0.10) (build 11.0.10+0-b96-7249189)
# Java VM: OpenJDK 64-Bit Server VM (11.0.10+0-b96-7249189, mixed mode, tiered, compressed oops, g1 gc, windows-amd64)
# No core dump will be written. Minidumps are not enabled by default on client versions of Windows
#

---------------  S U M M A R Y ------------

Command Line: --add-opens=java.base/java.util=ALL-UNNAMED --add-opens=java.base/java.lang=ALL-UNNAMED --add-opens=java.base/java.lang.invoke=ALL-UNNAMED --add-opens=java.base/java.util=ALL-UNNAMED --add-opens=java.prefs/java.util.prefs=ALL-UNNAMED --add-opens=java.prefs/java.util.prefs=ALL-UNNAMED --add-opens=java.base/java.nio.charset=ALL-UNNAMED --add-opens=java.base/java.net=ALL-UNNAMED --add-opens=java.base/java.util.concurrent.atomic=ALL-UNNAMED -Xmx2048m -Dfile.encoding=UTF-8 -Duser.country=IN -Duser.language=en -Duser.variant org.gradle.launcher.daemon.bootstrap.GradleDaemon 7.0.2

Host: Intel(R) Core(TM) i5-8250U CPU @ 1.60GHz, 8 cores, 7G,  Windows 10 , 64 bit Build 22000 (10.0.22000.318)
Time: Thu Dec  2 11:09:58 2021 India Standard Time elapsed time: 3572.502826 seconds (0d 0h 59m 32s)

---------------  T H R E A D  ---------------

Current thread (0x00000275fa200000):  JavaThread "C2 CompilerThread0" daemon [_thread_in_native, id=22700, stack(0x000000c356000000,0x000000c356100000)]


Current CompileTask:
C2:3572502 22210       4       org.gradle.internal.operations.DefaultBuildOperationRunner$BuildOperationTrackingListener::stop (36 bytes)

Stack: [0x000000c356000000,0x000000c356100000]
Native frames: (J=compiled Java code, j=interpreted, Vv=VM code, C=native code)
V  [jvm.dll+0x5ecfaa]
V  [jvm.dll+0x722bd5]
V  [jvm.dll+0x72412d]
V  [jvm.dll+0x7247e3]
V  [jvm.dll+0x242928]
V  [jvm.dll+0xbc4fc]
V  [jvm.dll+0xbca0c]
V  [jvm.dll+0x352d3b]
V  [jvm.dll+0x320ad3]
V  [jvm.dll+0x31ffca]
V  [jvm.dll+0x1fb602]
V  [jvm.dll+0x1fa7f4]
V  [jvm.dll+0x18354c]
V  [jvm.dll+0x208ee7]
V  [jvm.dll+0x207731]
V  [jvm.dll+0x6eb1cf]
V  [jvm.dll+0x6e3d45]
V  [jvm.dll+0x5ebe96]
C  [ucrtbase.dll+0x26c0c]
C  [KERNEL32.DLL+0x154e0]
C  [ntdll.dll+0x485b]


---------------  P R O C E S S  ---------------

Threads class SMR info:
_java_thread_list=0x0000027587b7b410, length=57, elements={
0x00000275df4ef800, 0x00000275f999c000, 0x00000275fa1a0800, 0x00000275fa1fa800,
0x00000275fa1fb800, 0x00000275fa1ff000, 0x00000275fa200000, 0x00000275fa204000,
0x00000275fa207000, 0x00000275fa367000, 0x00000275fc10b800, 0x00000275fa463000,
0x00000275fc187000, 0x00000275fc082000, 0x00000275fc084800, 0x00000275fc083000,
0x00000275fc085000, 0x00000275fc086000, 0x00000275fcd5f800, 0x00000275fcd62800,
0x00000275fcd60000, 0x00000275fcd62000, 0x0000027582198000, 0x00000275821a1000,
0x000002758219d000, 0x000002758219f800, 0x00000275821a2000, 0x00000275821a0800,
0x000002758219c800, 0x00000275fac19000, 0x00000275fac23000, 0x00000275fd907800,
0x00000275fac21000, 0x00000275fac22000, 0x00000275836f3800, 0x00000275fac16800,
0x00000275fac1a000, 0x00000275fac15000, 0x00000275fac1a800, 0x00000275fac17800,
0x00000275fac18000, 0x00000275fac1b800, 0x00000275fac15800, 0x00000275fac1d000,
0x00000275fac1c800, 0x00000275fac23800, 0x00000275fac1e800, 0x00000275fac20800,
0x0000027589fe9800, 0x00000275fd909800, 0x00000275fd90b000, 0x00000275fd90a000,
0x00000275fd90b800, 0x00000275fd906000, 0x00000275fd90c800, 0x00000275fd90d800,
0x00000275fd90e000
}

Java Threads: ( => current thread )
  0x00000275df4ef800 JavaThread "main" [_thread_blocked, id=24400, stack(0x000000c355400000,0x000000c355500000)]
  0x00000275f999c000 JavaThread "Reference Handler" daemon [_thread_blocked, id=4616, stack(0x000000c355b00000,0x000000c355c00000)]
  0x00000275fa1a0800 JavaThread "Finalizer" daemon [_thread_blocked, id=24004, stack(0x000000c355c00000,0x000000c355d00000)]
  0x00000275fa1fa800 JavaThread "Signal Dispatcher" daemon [_thread_blocked, id=18256, stack(0x000000c355d00000,0x000000c355e00000)]
  0x00000275fa1fb800 JavaThread "Attach Listener" daemon [_thread_blocked, id=16940, stack(0x000000c355e00000,0x000000c355f00000)]
  0x00000275fa1ff000 JavaThread "Service Thread" daemon [_thread_blocked, id=19480, stack(0x000000c355f00000,0x000000c356000000)]
=>0x00000275fa200000 JavaThread "C2 CompilerThread0" daemon [_thread_in_native, id=22700, stack(0x000000c356000000,0x000000c356100000)]
  0x00000275fa204000 JavaThread "C1 CompilerThread0" daemon [_thread_blocked, id=24232, stack(0x000000c356100000,0x000000c356200000)]
  0x00000275fa207000 JavaThread "Sweeper thread" daemon [_thread_blocked, id=18096, stack(0x000000c356200000,0x000000c356300000)]
  0x00000275fa367000 JavaThread "Common-Cleaner" daemon [_thread_blocked, id=22180, stack(0x000000c356300000,0x000000c356400000)]
  0x00000275fc10b800 JavaThread "Daemon health stats" [_thread_blocked, id=340, stack(0x000000c356a00000,0x000000c356b00000)]
  0x00000275fa463000 JavaThread "Incoming local TCP Connector on port 59793" [_thread_in_native, id=19208, stack(0x000000c356500000,0x000000c356600000)]
  0x00000275fc187000 JavaThread "Daemon periodic checks" [_thread_blocked, id=22788, stack(0x000000c356600000,0x000000c356700000)]
  0x00000275fc082000 JavaThread "Cache worker for file hash cache (C:\Users\Aagam Shah\.gradle\caches\7.0.2\fileHashes)" [_thread_blocked, id=21356, stack(0x000000c357200000,0x000000c357300000)]
  0x00000275fc084800 JavaThread "File lock request listener" [_thread_in_native, id=32, stack(0x000000c357300000,0x000000c357400000)]
  0x00000275fc083000 JavaThread "Cache worker for journal cache (C:\Users\Aagam Shah\.gradle\caches\journal-1)" [_thread_blocked, id=13188, stack(0x000000c357a00000,0x000000c357b00000)]
  0x00000275fc085000 JavaThread "File watcher server" daemon [_thread_in_native, id=24444, stack(0x000000c357d00000,0x000000c357e00000)]
  0x00000275fc086000 JavaThread "File watcher consumer" daemon [_thread_blocked, id=22444, stack(0x000000c357e00000,0x000000c357f00000)]
  0x00000275fcd5f800 JavaThread "Cache worker for execution history cache (C:\Users\Aagam Shah\.gradle\caches\7.0.2\executionHistory)" [_thread_blocked, id=24220, stack(0x000000c358200000,0x000000c358300000)]
  0x00000275fcd62800 JavaThread "jar transforms" [_thread_blocked, id=11308, stack(0x000000c358400000,0x000000c358500000)]
  0x00000275fcd60000 JavaThread "jar transforms Thread 2" [_thread_blocked, id=13416, stack(0x000000c358500000,0x000000c358600000)]
  0x00000275fcd62000 JavaThread "Cache worker for file content cache (C:\Users\Aagam Shah\.gradle\caches\7.0.2\fileContent)" [_thread_blocked, id=19764, stack(0x000000c358600000,0x000000c358700000)]
  0x0000027582198000 JavaThread "jar transforms Thread 3" [_thread_blocked, id=20060, stack(0x000000c358800000,0x000000c358900000)]
  0x00000275821a1000 JavaThread "jar transforms Thread 4" [_thread_blocked, id=23236, stack(0x000000c359200000,0x000000c359300000)]
  0x000002758219d000 JavaThread "jar transforms Thread 5" [_thread_blocked, id=23376, stack(0x000000c359300000,0x000000c359400000)]
  0x000002758219f800 JavaThread "jar transforms Thread 6" [_thread_blocked, id=6828, stack(0x000000c359400000,0x000000c359500000)]
  0x00000275821a2000 JavaThread "jar transforms Thread 7" [_thread_blocked, id=3128, stack(0x000000c359500000,0x000000c359600000)]
  0x00000275821a0800 JavaThread "jar transforms Thread 8" [_thread_blocked, id=10256, stack(0x000000c359600000,0x000000c359700000)]
  0x000002758219c800 JavaThread "Memory manager" [_thread_blocked, id=3752, stack(0x000000c359700000,0x000000c359800000)]
  0x00000275fac19000 JavaThread "pool-3-thread-1" [_thread_blocked, id=16792, stack(0x000000c359900000,0x000000c359a00000)]
  0x00000275fac23000 JavaThread "Cache worker for Java compile cache (C:\Users\Aagam Shah\.gradle\caches\7.0.2\javaCompile)" [_thread_blocked, id=18284, stack(0x000000c35a800000,0x000000c35a900000)]
  0x00000275fd907800 JavaThread "ForkJoinPool.commonPool-worker-9" daemon [_thread_blocked, id=8620, stack(0x000000c35b400000,0x000000c35b500000)]
  0x00000275fac21000 JavaThread "pool-8-thread-1" [_thread_blocked, id=4696, stack(0x000000c359800000,0x000000c359900000)]
  0x00000275fac22000 JavaThread "pool-11-thread-1" [_thread_blocked, id=9816, stack(0x000000c359a00000,0x000000c359b00000)]
  0x00000275836f3800 JavaThread "Java2D Disposer" daemon [_thread_blocked, id=22944, stack(0x000000c35b000000,0x000000c35b100000)]
  0x00000275fac16800 JavaThread "Daemon Thread 3" [_thread_blocked, id=19320, stack(0x000000c355100000,0x000000c355200000)]
  0x00000275fac1a000 JavaThread "Handler for socket connection from /127.0.0.1:59793 to /127.0.0.1:57173" [_thread_in_native, id=2300, stack(0x000000c355200000,0x000000c355300000)]
  0x00000275fac15000 JavaThread "Cancel handler" [_thread_blocked, id=17300, stack(0x000000c355300000,0x000000c355400000)]
  0x00000275fac1a800 JavaThread "Daemon worker Thread 3" [_thread_in_Java, id=21104, stack(0x000000c356b00000,0x000000c356c00000)]
  0x00000275fac17800 JavaThread "Asynchronous log dispatcher for DefaultDaemonConnection: socket connection from /127.0.0.1:59793 to /127.0.0.1:57173" [_thread_blocked, id=11856, stack(0x000000c356c00000,0x000000c356d00000)]
  0x00000275fac18000 JavaThread "Stdin handler" [_thread_blocked, id=14676, stack(0x000000c356d00000,0x000000c356e00000)]
  0x00000275fac1b800 JavaThread "Daemon client event forwarder" [_thread_blocked, id=16564, stack(0x000000c356e00000,0x000000c356f00000)]
  0x00000275fac15800 JavaThread "Cache worker for file hash cache (C:\Users\Aagam Shah\AndroidStudioProjects\PrepLite\.gradle\7.0.2\fileHashes)" [_thread_blocked, id=4504, stack(0x000000c356f00000,0x000000c357000000)]
  0x00000275fac1d000 JavaThread "Cache worker for checksums cache (C:\Users\Aagam Shah\AndroidStudioProjects\PrepLite\.gradle\checksums)" [_thread_blocked, id=21748, stack(0x000000c357000000,0x000000c357100000)]
  0x00000275fac1c800 JavaThread "Cache worker for cache directory md-supplier (C:\Users\Aagam Shah\.gradle\caches\7.0.2\md-supplier)" [_thread_blocked, id=1700, stack(0x000000c357100000,0x000000c357200000)]
  0x00000275fac23800 JavaThread "Cache worker for cache directory md-rule (C:\Users\Aagam Shah\.gradle\caches\7.0.2\md-rule)" [_thread_blocked, id=1804, stack(0x000000c357b00000,0x000000c357c00000)]
  0x00000275fac1e800 JavaThread "Cache worker for dependencies-accessors (C:\Users\Aagam Shah\AndroidStudioProjects\PrepLite\.gradle\7.0.2\dependencies-accessors)" [_thread_blocked, id=19368, stack(0x000000c357c00000,0x000000c357d00000)]
  0x00000275fac20800 JavaThread "Cache worker for Build Output Cleanup Cache (C:\Users\Aagam Shah\AndroidStudioProjects\PrepLite\.gradle\buildOutputCleanup)" [_thread_blocked, id=17112, stack(0x000000c357f00000,0x000000c358000000)]
  0x0000027589fe9800 JavaThread "C2 CompilerThread1" daemon [_thread_in_native, id=20348, stack(0x000000c358000000,0x000000c358100000)]
  0x00000275fd909800 JavaThread "Build operations" [_thread_blocked, id=17312, stack(0x000000c358100000,0x000000c358200000)]
  0x00000275fd90b000 JavaThread "Build operations Thread 2" [_thread_blocked, id=13000, stack(0x000000c358300000,0x000000c358400000)]
  0x00000275fd90a000 JavaThread "Build operations Thread 3" [_thread_blocked, id=22920, stack(0x000000c358700000,0x000000c358800000)]
  0x00000275fd90b800 JavaThread "Build operations Thread 4" [_thread_blocked, id=8816, stack(0x000000c358900000,0x000000c358a00000)]
  0x00000275fd906000 JavaThread "Build operations Thread 5" [_thread_blocked, id=19720, stack(0x000000c358a00000,0x000000c358b00000)]
  0x00000275fd90c800 JavaThread "Build operations Thread 6" [_thread_blocked, id=1636, stack(0x000000c358b00000,0x000000c358c00000)]
  0x00000275fd90d800 JavaThread "Build operations Thread 7" [_thread_blocked, id=19216, stack(0x000000c358c00000,0x000000c358d00000)]
  0x00000275fd90e000 JavaThread "Build operations Thread 8" [_thread_blocked, id=23616, stack(0x000000c358d00000,0x000000c358e00000)]

Other Threads:
  0x00000275f9998000 VMThread "VM Thread" [stack: 0x000000c355a00000,0x000000c355b00000] [id=13868]
  0x00000275fa37d800 WatcherThread [stack: 0x000000c356400000,0x000000c356500000] [id=12296]
  0x00000275df507800 GCTaskThread "GC Thread#0" [stack: 0x000000c355500000,0x000000c355600000] [id=22480]
  0x00000275fb443000 GCTaskThread "GC Thread#1" [stack: 0x000000c356700000,0x000000c356800000] [id=19908]
  0x00000275fabea000 GCTaskThread "GC Thread#2" [stack: 0x000000c356800000,0x000000c356900000] [id=18000]
  0x00000275fdb7e800 GCTaskThread "GC Thread#3" [stack: 0x000000c357400000,0x000000c357500000] [id=5000]
  0x00000275fbb36800 GCTaskThread "GC Thread#4" [stack: 0x000000c357500000,0x000000c357600000] [id=16080]
  0x00000275fb9f4000 GCTaskThread "GC Thread#5" [stack: 0x000000c357600000,0x000000c357700000] [id=20444]
  0x00000275fb369000 GCTaskThread "GC Thread#6" [stack: 0x000000c357700000,0x000000c357800000] [id=4580]
  0x00000275fcd49800 GCTaskThread "GC Thread#7" [stack: 0x000000c357800000,0x000000c357900000] [id=4124]
  0x00000275df53c000 ConcurrentGCThread "G1 Main Marker" [stack: 0x000000c355600000,0x000000c355700000] [id=24352]
  0x00000275df53d000 ConcurrentGCThread "G1 Conc#0" [stack: 0x000000c355700000,0x000000c355800000] [id=11780]
  0x00000275fcb17800 ConcurrentGCThread "G1 Conc#1" [stack: 0x000000c357900000,0x000000c357a00000] [id=11096]
  0x00000275f97e7800 ConcurrentGCThread "G1 Refine#0" [stack: 0x000000c355800000,0x000000c355900000] [id=5560]
  0x00000275fc27c800 ConcurrentGCThread "G1 Refine#1" [stack: 0x000000c356900000,0x000000c356a00000] [id=13076]
  0x00000275f97e9800 ConcurrentGCThread "G1 Young RemSet Sampling" [stack: 0x000000c355900000,0x000000c355a00000] [id=7140]

Threads with active compile tasks:
C2 CompilerThread03572543 22210       4       org.gradle.internal.operations.DefaultBuildOperationRunner$BuildOperationTrackingListener::stop (36 bytes)
C2 CompilerThread13572544 22229       4       com.google.common.reflect.TypeResolver$TypeVariableKey::equals (23 bytes)

VM state:not at safepoint (normal execution)

VM Mutex/Monitor currently owned by a thread: None

Heap address: 0x0000000080000000, size: 2048 MB, Compressed Oops mode: 32-bit
Narrow klass base: 0x0000000000000000, Narrow klass shift: 3
Compressed class space size: 1073741824 Address: 0x0000000100000000

Heap:
 garbage-first heap   total 227328K, used 104060K [0x0000000080000000, 0x0000000100000000)
  region size 1024K, 8 young (8192K), 2 survivors (2048K)
 Metaspace       used 127418K, capacity 130812K, committed 131788K, reserved 1163264K
  class space    used 15587K, capacity 16813K, committed 17356K, reserved 1048576K
Heap Regions: E=young(eden), S=young(survivor), O=old, HS=humongous(starts), HC=humongous(continues), CS=collection set, F=free, A=archive, TAMS=top-at-mark-start (previous, next)
|   0|0x0000000080000000, 0x0000000080100000, 0x0000000080100000|100%| O|  |TAMS 0x0000000080100000, 0x0000000080000000| Untracked 
|   1|0x0000000080100000, 0x0000000080200000, 0x0000000080200000|100%| O|  |TAMS 0x0000000080200000, 0x0000000080100000| Untracked 
|   2|0x0000000080200000, 0x0000000080300000, 0x0000000080300000|100%| O|  |TAMS 0x0000000080300000, 0x0000000080200000| Untracked 
|   3|0x0000000080300000, 0x0000000080400000, 0x0000000080400000|100%|HS|  |TAMS 0x0000000080400000, 0x0000000080300000| Complete 
|   4|0x0000000080400000, 0x0000000080500000, 0x0000000080500000|100%|HC|  |TAMS 0x0000000080500000, 0x0000000080400000| Complete 
|   5|0x0000000080500000, 0x0000000080600000, 0x0000000080600000|100%|HC|  |TAMS 0x0000000080600000, 0x0000000080500000| Complete 
|   6|0x0000000080600000, 0x0000000080700000, 0x0000000080700000|100%| O|  |TAMS 0x0000000080700000, 0x0000000080600000| Untracked 
|   7|0x0000000080700000, 0x0000000080800000, 0x0000000080800000|100%| O|  |TAMS 0x0000000080800000, 0x0000000080700000| Untracked 
|   8|0x0000000080800000, 0x0000000080900000, 0x0000000080900000|100%| O|  |TAMS 0x0000000080900000, 0x0000000080800000| Untracked 
|   9|0x0000000080900000, 0x0000000080a00000, 0x0000000080a00000|100%| O|  |TAMS 0x0000000080a00000, 0x0000000080900000| Untracked 
|  10|0x0000000080a00000, 0x0000000080b00000, 0x0000000080b00000|100%| O|  |TAMS 0x0000000080b00000, 0x0000000080a00000| Untracked 
|  11|0x0000000080b00000, 0x0000000080c00000, 0x0000000080c00000|100%| O|  |TAMS 0x0000000080c00000, 0x0000000080b00000| Untracked 
|  12|0x0000000080c00000, 0x0000000080d00000, 0x0000000080d00000|100%| O|  |TAMS 0x0000000080d00000, 0x0000000080c00000| Untracked 
|  13|0x0000000080d00000, 0x0000000080e00000, 0x0000000080e00000|100%| O|  |TAMS 0x0000000080e00000, 0x0000000080d00000| Untracked 
|  14|0x0000000080e00000, 0x0000000080f00000, 0x0000000080f00000|100%| O|  |TAMS 0x0000000080f00000, 0x0000000080e00000| Untracked 
|  15|0x0000000080f00000, 0x0000000081000000, 0x0000000081000000|100%|HS|  |TAMS 0x0000000081000000, 0x0000000080f00000| Complete 
|  16|0x0000000081000000, 0x0000000081100000, 0x0000000081100000|100%| O|  |TAMS 0x0000000081100000, 0x0000000081000000| Untracked 
|  17|0x0000000081100000, 0x0000000081200000, 0x0000000081200000|100%| O|  |TAMS 0x0000000081200000, 0x0000000081100000| Untracked 
|  18|0x0000000081200000, 0x0000000081300000, 0x0000000081300000|100%| O|  |TAMS 0x0000000081300000, 0x0000000081200000| Untracked 
|  19|0x0000000081300000, 0x0000000081400000, 0x0000000081400000|100%| O|  |TAMS 0x0000000081400000, 0x0000000081300000| Untracked 
|  20|0x0000000081400000, 0x0000000081500000, 0x0000000081500000|100%| O|  |TAMS 0x0000000081500000, 0x0000000081400000| Untracked 
|  21|0x0000000081500000, 0x0000000081600000, 0x0000000081600000|100%| O|  |TAMS 0x0000000081600000, 0x0000000081500000| Untracked 
|  22|0x0000000081600000, 0x0000000081700000, 0x0000000081700000|100%| O|  |TAMS 0x0000000081700000, 0x0000000081600000| Untracked 
|  23|0x0000000081700000, 0x0000000081800000, 0x0000000081800000|100%|HS|  |TAMS 0x0000000081800000, 0x0000000081700000| Complete 
|  24|0x0000000081800000, 0x0000000081900000, 0x0000000081900000|100%|HS|  |TAMS 0x0000000081900000, 0x0000000081800000| Complete 
|  25|0x0000000081900000, 0x0000000081a00000, 0x0000000081a00000|100%|HC|  |TAMS 0x0000000081a00000, 0x0000000081900000| Complete 
|  26|0x0000000081a00000, 0x0000000081b00000, 0x0000000081b00000|100%| O|  |TAMS 0x0000000081b00000, 0x0000000081a00000| Untracked 
|  27|0x0000000081b00000, 0x0000000081c00000, 0x0000000081c00000|100%| O|  |TAMS 0x0000000081c00000, 0x0000000081b00000| Untracked 
|  28|0x0000000081c00000, 0x0000000081d00000, 0x0000000081d00000|100%| O|  |TAMS 0x0000000081d00000, 0x0000000081c00000| Untracked 
|  29|0x0000000081d00000, 0x0000000081e00000, 0x0000000081e00000|100%| O|  |TAMS 0x0000000081e00000, 0x0000000081d00000| Untracked 
|  30|0x0000000081e00000, 0x0000000081f00000, 0x0000000081f00000|100%| O|  |TAMS 0x0000000081f00000, 0x0000000081e00000| Untracked 
|  31|0x0000000081f00000, 0x0000000082000000, 0x0000000082000000|100%| O|  |TAMS 0x0000000082000000, 0x0000000081f00000| Untracked 
|  32|0x0000000082000000, 0x0000000082100000, 0x0000000082100000|100%| O|  |TAMS 0x0000000082100000, 0x0000000082000000| Untracked 
|  33|0x0000000082100000, 0x0000000082200000, 0x0000000082200000|100%| O|  |TAMS 0x0000000082200000, 0x0000000082100000| Untracked 
|  34|0x0000000082200000, 0x0000000082300000, 0x0000000082300000|100%| O|  |TAMS 0x0000000082300000, 0x0000000082200000| Untracked 
|  35|0x0000000082300000, 0x0000000082300000, 0x0000000082400000|  0%| F|  |TAMS 0x0000000082300000, 0x0000000082300000| Untracked 
|  36|0x0000000082400000, 0x0000000082500000, 0x0000000082500000|100%| O|  |TAMS 0x0000000082500000, 0x0000000082400000| Untracked 
|  37|0x0000000082500000, 0x0000000082600000, 0x0000000082600000|100%| O|  |TAMS 0x0000000082600000, 0x0000000082500000| Untracked 
|  38|0x0000000082600000, 0x0000000082700000, 0x0000000082700000|100%| O|  |TAMS 0x0000000082700000, 0x0000000082600000| Untracked 
|  39|0x0000000082700000, 0x0000000082800000, 0x0000000082800000|100%| O|  |TAMS 0x0000000082800000, 0x0000000082700000| Untracked 
|  40|0x0000000082800000, 0x0000000082900000, 0x0000000082900000|100%| O|  |TAMS 0x0000000082900000, 0x0000000082800000| Untracked 
|  41|0x0000000082900000, 0x0000000082a00000, 0x0000000082a00000|100%| O|  |TAMS 0x0000000082a00000, 0x0000000082900000| Untracked 
|  42|0x0000000082a00000, 0x0000000082b00000, 0x0000000082b00000|100%| O|  |TAMS 0x0000000082b00000, 0x0000000082a00000| Untracked 
|  43|0x0000000082b00000, 0x0000000082c00000, 0x0000000082c00000|100%| O|  |TAMS 0x0000000082c00000, 0x0000000082b00000| Untracked 
|  44|0x0000000082c00000, 0x0000000082d00000, 0x0000000082d00000|100%| O|  |TAMS 0x0000000082d00000, 0x0000000082c00000| Untracked 
|  45|0x0000000082d00000, 0x0000000082e00000, 0x0000000082e00000|100%| O|  |TAMS 0x0000000082e00000, 0x0000000082d00000| Untracked 
|  46|0x0000000082e00000, 0x0000000082f00000, 0x0000000082f00000|100%| O|  |TAMS 0x0000000082f00000, 0x0000000082e00000| Untracked 
|  47|0x0000000082f00000, 0x0000000083000000, 0x0000000083000000|100%| O|  |TAMS 0x0000000083000000, 0x0000000082f00000| Untracked 
|  48|0x0000000083000000, 0x0000000083100000, 0x0000000083100000|100%| O|  |TAMS 0x0000000083100000, 0x0000000083000000| Untracked 
|  49|0x0000000083100000, 0x0000000083200000, 0x0000000083200000|100%| O|  |TAMS 0x0000000083200000, 0x0000000083100000| Untracked 
|  50|0x0000000083200000, 0x0000000083300000, 0x0000000083300000|100%| O|  |TAMS 0x0000000083300000, 0x0000000083200000| Untracked 
|  51|0x0000000083300000, 0x0000000083400000, 0x0000000083400000|100%| O|  |TAMS 0x0000000083400000, 0x0000000083300000| Untracked 
|  52|0x0000000083400000, 0x0000000083500000, 0x0000000083500000|100%| O|  |TAMS 0x0000000083500000, 0x0000000083400000| Untracked 
|  53|0x0000000083500000, 0x0000000083600000, 0x0000000083600000|100%| O|  |TAMS 0x0000000083600000, 0x0000000083500000| Untracked 
|  54|0x0000000083600000, 0x0000000083700000, 0x0000000083700000|100%| O|  |TAMS 0x0000000083700000, 0x0000000083600000| Untracked 
|  55|0x0000000083700000, 0x0000000083800000, 0x0000000083800000|100%| O|  |TAMS 0x0000000083800000, 0x0000000083700000| Untracked 
|  56|0x0000000083800000, 0x0000000083900000, 0x0000000083900000|100%| O|  |TAMS 0x0000000083900000, 0x0000000083800000| Untracked 
|  57|0x0000000083900000, 0x0000000083a00000, 0x0000000083a00000|100%| O|  |TAMS 0x0000000083a00000, 0x0000000083900000| Untracked 
|  58|0x0000000083a00000, 0x0000000083b00000, 0x0000000083b00000|100%| O|  |TAMS 0x0000000083b00000, 0x0000000083a00000| Untracked 
|  59|0x0000000083b00000, 0x0000000083c00000, 0x0000000083c00000|100%| O|  |TAMS 0x0000000083c00000, 0x0000000083b00000| Untracked 
|  60|0x0000000083c00000, 0x0000000083d00000, 0x0000000083d00000|100%| O|  |TAMS 0x0000000083d00000, 0x0000000083c00000| Untracked 
|  61|0x0000000083d00000, 0x0000000083e00000, 0x0000000083e00000|100%| O|  |TAMS 0x0000000083e00000, 0x0000000083d00000| Untracked 
|  62|0x0000000083e00000, 0x0000000083f00000, 0x0000000083f00000|100%| O|  |TAMS 0x0000000083f00000, 0x0000000083e00000| Untracked 
|  63|0x0000000083f00000, 0x0000000083f00000, 0x0000000084000000|  0%| F|  |TAMS 0x0000000083f00000, 0x0000000083f00000| Untracked 
|  64|0x0000000084000000, 0x0000000084100000, 0x0000000084100000|100%| O|  |TAMS 0x0000000084100000, 0x0000000084000000| Untracked 
|  65|0x0000000084100000, 0x0000000084200000, 0x0000000084200000|100%| O|  |TAMS 0x0000000084200000, 0x0000000084100000| Untracked 
|  66|0x0000000084200000, 0x0000000084300000, 0x0000000084300000|100%| O|  |TAMS 0x0000000084300000, 0x0000000084200000| Untracked 
|  67|0x0000000084300000, 0x0000000084400000, 0x0000000084400000|100%| O|  |TAMS 0x0000000084400000, 0x0000000084300000| Untracked 
|  68|0x0000000084400000, 0x0000000084500000, 0x0000000084500000|100%| O|  |TAMS 0x0000000084500000, 0x0000000084400000| Untracked 
|  69|0x0000000084500000, 0x0000000084600000, 0x0000000084600000|100%| O|  |TAMS 0x0000000084600000, 0x0000000084500000| Untracked 
|  70|0x0000000084600000, 0x0000000084700000, 0x0000000084700000|100%| O|  |TAMS 0x0000000084700000, 0x0000000084600000| Untracked 
|  71|0x0000000084700000, 0x0000000084700000, 0x0000000084800000|  0%| F|  |TAMS 0x0000000084700000, 0x0000000084700000| Untracked 
|  72|0x0000000084800000, 0x0000000084900000, 0x0000000084900000|100%| O|  |TAMS 0x0000000084900000, 0x0000000084800000| Untracked 
|  73|0x0000000084900000, 0x0000000084a00000, 0x0000000084a00000|100%| O|  |TAMS 0x0000000084a00000, 0x0000000084900000| Untracked 
|  74|0x0000000084a00000, 0x0000000084a00000, 0x0000000084b00000|  0%| F|  |TAMS 0x0000000084a00000, 0x0000000084a00000| Untracked 
|  75|0x0000000084b00000, 0x0000000084c00000, 0x0000000084c00000|100%| O|  |TAMS 0x0000000084c00000, 0x0000000084b00000| Untracked 
|  76|0x0000000084c00000, 0x0000000084c00000, 0x0000000084d00000|  0%| F|  |TAMS 0x0000000084c00000, 0x0000000084c00000| Untracked 
|  77|0x0000000084d00000, 0x0000000084d00000, 0x0000000084e00000|  0%| F|  |TAMS 0x0000000084d00000, 0x0000000084d00000| Untracked 
|  78|0x0000000084e00000, 0x0000000084f00000, 0x0000000084f00000|100%| O|  |TAMS 0x0000000084f00000, 0x0000000084e00000| Untracked 
|  79|0x0000000084f00000, 0x0000000085000000, 0x0000000085000000|100%| O|  |TAMS 0x0000000084f00000, 0x0000000084f00000| Untracked 
|  80|0x0000000085000000, 0x0000000085100000, 0x0000000085100000|100%| O|  |TAMS 0x0000000085100000, 0x0000000085000000| Untracked 
|  81|0x0000000085100000, 0x0000000085200000, 0x0000000085200000|100%| O|  |TAMS 0x00000000851ae000, 0x0000000085100000| Untracked 
|  82|0x0000000085200000, 0x0000000085200000, 0x0000000085300000|  0%| F|  |TAMS 0x0000000085200000, 0x0000000085200000| Untracked 
|  83|0x0000000085300000, 0x0000000085400000, 0x0000000085400000|100%| O|  |TAMS 0x0000000085400000, 0x0000000085300000| Untracked 
|  84|0x0000000085400000, 0x0000000085500000, 0x0000000085500000|100%| O|  |TAMS 0x0000000085400000, 0x0000000085400000| Untracked 
|  85|0x0000000085500000, 0x0000000085600000, 0x0000000085600000|100%| O|  |TAMS 0x0000000085600000, 0x0000000085500000| Untracked 
|  86|0x0000000085600000, 0x0000000085700000, 0x0000000085700000|100%| O|  |TAMS 0x0000000085700000, 0x0000000085600000| Untracked 
|  87|0x0000000085700000, 0x0000000085800000, 0x0000000085800000|100%| O|  |TAMS 0x0000000085800000, 0x0000000085700000| Untracked 
|  88|0x0000000085800000, 0x0000000085900000, 0x0000000085900000|100%| O|  |TAMS 0x0000000085900000, 0x0000000085800000| Untracked 
|  89|0x0000000085900000, 0x0000000085900000, 0x0000000085a00000|  0%| F|  |TAMS 0x0000000085900000, 0x0000000085900000| Untracked 
|  90|0x0000000085a00000, 0x0000000085b00000, 0x0000000085b00000|100%| O|  |TAMS 0x0000000085a00000, 0x0000000085a00000| Untracked 
|  91|0x0000000085b00000, 0x0000000085b00000, 0x0000000085c00000|  0%| F|  |TAMS 0x0000000085b00000, 0x0000000085b00000| Untracked 
|  92|0x0000000085c00000, 0x0000000085d00000, 0x0000000085d00000|100%| O|  |TAMS 0x0000000085c00000, 0x0000000085c00000| Untracked 
|  93|0x0000000085d00000, 0x0000000085d00000, 0x0000000085e00000|  0%| F|  |TAMS 0x0000000085d00000, 0x0000000085d00000| Untracked 
|  94|0x0000000085e00000, 0x0000000085ef2e00, 0x0000000085f00000| 94%| O|  |TAMS 0x0000000085e00000, 0x0000000085e00000| Untracked 
|  95|0x0000000085f00000, 0x0000000085f00000, 0x0000000086000000|  0%| F|  |TAMS 0x0000000085f00000, 0x0000000085f00000| Untracked 
|  96|0x0000000086000000, 0x0000000086100000, 0x0000000086100000|100%| O|  |TAMS 0x0000000086100000, 0x0000000086000000| Untracked 
|  97|0x0000000086100000, 0x0000000086200000, 0x0000000086200000|100%| O|  |TAMS 0x0000000086200000, 0x0000000086100000| Untracked 
|  98|0x0000000086200000, 0x0000000086200000, 0x0000000086300000|  0%| F|  |TAMS 0x0000000086200000, 0x0000000086200000| Untracked 
|  99|0x0000000086300000, 0x0000000086300000, 0x0000000086400000|  0%| F|  |TAMS 0x0000000086300000, 0x0000000086300000| Untracked 
| 100|0x0000000086400000, 0x0000000086400000, 0x0000000086500000|  0%| F|  |TAMS 0x0000000086400000, 0x0000000086400000| Untracked 
| 101|0x0000000086500000, 0x0000000086500000, 0x0000000086600000|  0%| F|  |TAMS 0x0000000086500000, 0x0000000086500000| Untracked 
| 102|0x0000000086600000, 0x0000000086600000, 0x0000000086700000|  0%| F|  |TAMS 0x0000000086600000, 0x0000000086600000| Untracked 
| 103|0x0000000086700000, 0x0000000086700000, 0x0000000086800000|  0%| F|  |TAMS 0x0000000086700000, 0x0000000086700000| Untracked 
| 104|0x0000000086800000, 0x0000000086800000, 0x0000000086900000|  0%| F|  |TAMS 0x0000000086800000, 0x0000000086800000| Untracked 
| 105|0x0000000086900000, 0x0000000086900000, 0x0000000086a00000|  0%| F|  |TAMS 0x0000000086900000, 0x0000000086900000| Untracked 
| 106|0x0000000086a00000, 0x0000000086a00000, 0x0000000086b00000|  0%| F|  |TAMS 0x0000000086a00000, 0x0000000086a00000| Untracked 
| 107|0x0000000086b00000, 0x0000000086b00000, 0x0000000086c00000|  0%| F|  |TAMS 0x0000000086b00000, 0x0000000086b00000| Untracked 
| 108|0x0000000086c00000, 0x0000000086d00000, 0x0000000086d00000|100%| O|  |TAMS 0x0000000086d00000, 0x0000000086c00000| Untracked 
| 109|0x0000000086d00000, 0x0000000086e00000, 0x0000000086e00000|100%| O|  |TAMS 0x0000000086e00000, 0x0000000086d00000| Untracked 
| 110|0x0000000086e00000, 0x0000000086f00000, 0x0000000086f00000|100%| O|  |TAMS 0x0000000086f00000, 0x0000000086e00000| Untracked 
| 111|0x0000000086f00000, 0x0000000086f00000, 0x0000000087000000|  0%| F|  |TAMS 0x0000000086f00000, 0x0000000086f00000| Untracked 
| 112|0x0000000087000000, 0x0000000087000000, 0x0000000087100000|  0%| F|  |TAMS 0x0000000087000000, 0x0000000087000000| Untracked 
| 113|0x0000000087100000, 0x0000000087100000, 0x0000000087200000|  0%| F|  |TAMS 0x0000000087100000, 0x0000000087100000| Untracked 
| 114|0x0000000087200000, 0x0000000087300000, 0x0000000087300000|100%| O|  |TAMS 0x0000000087300000, 0x0000000087200000| Untracked 
| 115|0x0000000087300000, 0x0000000087400000, 0x0000000087400000|100%| O|  |TAMS 0x0000000087400000, 0x0000000087300000| Untracked 
| 116|0x0000000087400000, 0x0000000087500000, 0x0000000087500000|100%| O|  |TAMS 0x0000000087500000, 0x0000000087400000| Untracked 
| 117|0x0000000087500000, 0x0000000087600000, 0x0000000087600000|100%| O|  |TAMS 0x0000000087600000, 0x0000000087500000| Untracked 
| 118|0x0000000087600000, 0x0000000087700000, 0x0000000087700000|100%| O|  |TAMS 0x0000000087700000, 0x0000000087600000| Untracked 
| 119|0x0000000087700000, 0x0000000087700000, 0x0000000087800000|  0%| F|  |TAMS 0x0000000087700000, 0x0000000087700000| Untracked 
| 120|0x0000000087800000, 0x0000000087800000, 0x0000000087900000|  0%| F|  |TAMS 0x0000000087800000, 0x0000000087800000| Untracked 
| 121|0x0000000087900000, 0x0000000087900000, 0x0000000087a00000|  0%| F|  |TAMS 0x0000000087900000, 0x0000000087900000| Untracked 
| 122|0x0000000087a00000, 0x0000000087a00000, 0x0000000087b00000|  0%| F|  |TAMS 0x0000000087a00000, 0x0000000087a00000| Untracked 
| 123|0x0000000087b00000, 0x0000000087b00000, 0x0000000087c00000|  0%| F|  |TAMS 0x0000000087b00000, 0x0000000087b00000| Untracked 
| 124|0x0000000087c00000, 0x0000000087c00000, 0x0000000087d00000|  0%| F|  |TAMS 0x0000000087c00000, 0x0000000087c00000| Untracked 
| 125|0x0000000087d00000, 0x0000000087d00000, 0x0000000087e00000|  0%| F|  |TAMS 0x0000000087d00000, 0x0000000087d00000| Untracked 
| 126|0x0000000087e00000, 0x0000000087e00000, 0x0000000087f00000|  0%| F|  |TAMS 0x0000000087e00000, 0x0000000087e00000| Untracked 
| 127|0x0000000087f00000, 0x0000000087f00000, 0x0000000088000000|  0%| F|  |TAMS 0x0000000087f00000, 0x0000000087f00000| Untracked 
| 128|0x0000000088000000, 0x0000000088000000, 0x0000000088100000|  0%| F|  |TAMS 0x0000000088000000, 0x0000000088000000| Untracked 
| 129|0x0000000088100000, 0x0000000088100000, 0x0000000088200000|  0%| F|  |TAMS 0x0000000088100000, 0x0000000088100000| Untracked 
| 130|0x0000000088200000, 0x0000000088200000, 0x0000000088300000|  0%| F|  |TAMS 0x0000000088200000, 0x0000000088200000| Untracked 
| 131|0x0000000088300000, 0x0000000088300000, 0x0000000088400000|  0%| F|  |TAMS 0x0000000088300000, 0x0000000088300000| Untracked 
| 132|0x0000000088400000, 0x0000000088400000, 0x0000000088500000|  0%| F|  |TAMS 0x0000000088400000, 0x0000000088400000| Untracked 
| 133|0x0000000088500000, 0x0000000088500000, 0x0000000088600000|  0%| F|  |TAMS 0x0000000088500000, 0x0000000088500000| Untracked 
| 134|0x0000000088600000, 0x0000000088600000, 0x0000000088700000|  0%| F|  |TAMS 0x0000000088600000, 0x0000000088600000| Untracked 
| 135|0x0000000088700000, 0x0000000088700000, 0x0000000088800000|  0%| F|  |TAMS 0x0000000088700000, 0x0000000088700000| Untracked 
| 136|0x0000000088800000, 0x0000000088800000, 0x0000000088900000|  0%| F|  |TAMS 0x0000000088800000, 0x0000000088800000| Untracked 
| 137|0x0000000088900000, 0x0000000088900000, 0x0000000088a00000|  0%| F|  |TAMS 0x0000000088900000, 0x0000000088900000| Untracked 
| 138|0x0000000088a00000, 0x0000000088a00000, 0x0000000088b00000|  0%| F|  |TAMS 0x0000000088a00000, 0x0000000088a00000| Untracked 
| 139|0x0000000088b00000, 0x0000000088b00000, 0x0000000088c00000|  0%| F|  |TAMS 0x0000000088b00000, 0x0000000088b00000| Untracked 
| 140|0x0000000088c00000, 0x0000000088c00000, 0x0000000088d00000|  0%| F|  |TAMS 0x0000000088c00000, 0x0000000088c00000| Untracked 
| 141|0x0000000088d00000, 0x0000000088d00000, 0x0000000088e00000|  0%| F|  |TAMS 0x0000000088d00000, 0x0000000088d00000| Untracked 
| 142|0x0000000088e00000, 0x0000000088e00000, 0x0000000088f00000|  0%| F|  |TAMS 0x0000000088e00000, 0x0000000088e00000| Untracked 
| 143|0x0000000088f00000, 0x0000000088f00000, 0x0000000089000000|  0%| F|  |TAMS 0x0000000088f00000, 0x0000000088f00000| Untracked 
| 144|0x0000000089000000, 0x0000000089000000, 0x0000000089100000|  0%| F|  |TAMS 0x0000000089000000, 0x0000000089000000| Untracked 
| 145|0x0000000089100000, 0x0000000089100000, 0x0000000089200000|  0%| F|  |TAMS 0x0000000089100000, 0x0000000089100000| Untracked 
| 146|0x0000000089200000, 0x0000000089200000, 0x0000000089300000|  0%| F|  |TAMS 0x0000000089200000, 0x0000000089200000| Untracked 
| 147|0x0000000089300000, 0x0000000089300000, 0x0000000089400000|  0%| F|  |TAMS 0x0000000089300000, 0x0000000089300000| Untracked 
| 148|0x0000000089400000, 0x00000000894ac300, 0x0000000089500000| 67%| S|CS|TAMS 0x0000000089400000, 0x0000000089400000| Complete 
| 149|0x0000000089500000, 0x0000000089600000, 0x0000000089600000|100%| S|CS|TAMS 0x0000000089500000, 0x0000000089500000| Complete 
| 150|0x0000000089600000, 0x0000000089600000, 0x0000000089700000|  0%| F|  |TAMS 0x0000000089600000, 0x0000000089600000| Untracked 
| 151|0x0000000089700000, 0x0000000089700000, 0x0000000089800000|  0%| F|  |TAMS 0x0000000089700000, 0x0000000089700000| Untracked 
| 152|0x0000000089800000, 0x0000000089800000, 0x0000000089900000|  0%| F|  |TAMS 0x0000000089800000, 0x0000000089800000| Untracked 
| 153|0x0000000089900000, 0x0000000089900000, 0x0000000089a00000|  0%| F|  |TAMS 0x0000000089900000, 0x0000000089900000| Untracked 
| 154|0x0000000089a00000, 0x0000000089a00000, 0x0000000089b00000|  0%| F|  |TAMS 0x0000000089a00000, 0x0000000089a00000| Untracked 
| 155|0x0000000089b00000, 0x0000000089b00000, 0x0000000089c00000|  0%| F|  |TAMS 0x0000000089b00000, 0x0000000089b00000| Untracked 
| 156|0x0000000089c00000, 0x0000000089c00000, 0x0000000089d00000|  0%| F|  |TAMS 0x0000000089c00000, 0x0000000089c00000| Untracked 
| 157|0x0000000089d00000, 0x0000000089d00000, 0x0000000089e00000|  0%| F|  |TAMS 0x0000000089d00000, 0x0000000089d00000| Untracked 
| 158|0x0000000089e00000, 0x0000000089e00000, 0x0000000089f00000|  0%| F|  |TAMS 0x0000000089e00000, 0x0000000089e00000| Untracked 
| 159|0x0000000089f00000, 0x0000000089f00000, 0x000000008a000000|  0%| F|  |TAMS 0x0000000089f00000, 0x0000000089f00000| Untracked 
| 160|0x000000008a000000, 0x000000008a000000, 0x000000008a100000|  0%| F|  |TAMS 0x000000008a000000, 0x000000008a000000| Untracked 
| 161|0x000000008a100000, 0x000000008a100000, 0x000000008a200000|  0%| F|  |TAMS 0x000000008a100000, 0x000000008a100000| Untracked 
| 162|0x000000008a200000, 0x000000008a200000, 0x000000008a300000|  0%| F|  |TAMS 0x000000008a200000, 0x000000008a200000| Untracked 
| 163|0x000000008a300000, 0x000000008a300000, 0x000000008a400000|  0%| F|  |TAMS 0x000000008a300000, 0x000000008a300000| Untracked 
| 164|0x000000008a400000, 0x000000008a400000, 0x000000008a500000|  0%| F|  |TAMS 0x000000008a400000, 0x000000008a400000| Untracked 
| 165|0x000000008a500000, 0x000000008a500000, 0x000000008a600000|  0%| F|  |TAMS 0x000000008a500000, 0x000000008a500000| Untracked 
| 166|0x000000008a600000, 0x000000008a600000, 0x000000008a700000|  0%| F|  |TAMS 0x000000008a600000, 0x000000008a600000| Untracked 
| 167|0x000000008a700000, 0x000000008a700000, 0x000000008a800000|  0%| F|  |TAMS 0x000000008a700000, 0x000000008a700000| Untracked 
| 168|0x000000008a800000, 0x000000008a800000, 0x000000008a900000|  0%| F|  |TAMS 0x000000008a800000, 0x000000008a800000| Untracked 
| 169|0x000000008a900000, 0x000000008a900000, 0x000000008aa00000|  0%| F|  |TAMS 0x000000008a900000, 0x000000008a900000| Untracked 
| 170|0x000000008aa00000, 0x000000008aa00000, 0x000000008ab00000|  0%| F|  |TAMS 0x000000008aa00000, 0x000000008aa00000| Untracked 
| 171|0x000000008ab00000, 0x000000008ab00000, 0x000000008ac00000|  0%| F|  |TAMS 0x000000008ab00000, 0x000000008ab00000| Untracked 
| 172|0x000000008ac00000, 0x000000008ac00000, 0x000000008ad00000|  0%| F|  |TAMS 0x000000008ac00000, 0x000000008ac00000| Untracked 
| 173|0x000000008ad00000, 0x000000008ad00000, 0x000000008ae00000|  0%| F|  |TAMS 0x000000008ad00000, 0x000000008ad00000| Untracked 
| 174|0x000000008ae00000, 0x000000008ae00000, 0x000000008af00000|  0%| F|  |TAMS 0x000000008ae00000, 0x000000008ae00000| Untracked 
| 175|0x000000008af00000, 0x000000008af00000, 0x000000008b000000|  0%| F|  |TAMS 0x000000008af00000, 0x000000008af00000| Untracked 
| 176|0x000000008b000000, 0x000000008b000000, 0x000000008b100000|  0%| F|  |TAMS 0x000000008b000000, 0x000000008b000000| Untracked 
| 177|0x000000008b100000, 0x000000008b100000, 0x000000008b200000|  0%| F|  |TAMS 0x000000008b100000, 0x000000008b100000| Untracked 
| 178|0x000000008b200000, 0x000000008b200000, 0x000000008b300000|  0%| F|  |TAMS 0x000000008b200000, 0x000000008b200000| Untracked 
| 179|0x000000008b300000, 0x000000008b300000, 0x000000008b400000|  0%| F|  |TAMS 0x000000008b300000, 0x000000008b300000| Untracked 
| 180|0x000000008b400000, 0x000000008b400000, 0x000000008b500000|  0%| F|  |TAMS 0x000000008b400000, 0x000000008b400000| Untracked 
| 181|0x000000008b500000, 0x000000008b500000, 0x000000008b600000|  0%| F|  |TAMS 0x000000008b500000, 0x000000008b500000| Untracked 
| 182|0x000000008b600000, 0x000000008b600000, 0x000000008b700000|  0%| F|  |TAMS 0x000000008b600000, 0x000000008b600000| Untracked 
| 183|0x000000008b700000, 0x000000008b700000, 0x000000008b800000|  0%| F|  |TAMS 0x000000008b700000, 0x000000008b700000| Untracked 
| 184|0x000000008b800000, 0x000000008b800000, 0x000000008b900000|  0%| F|  |TAMS 0x000000008b800000, 0x000000008b800000| Untracked 
| 185|0x000000008b900000, 0x000000008b900000, 0x000000008ba00000|  0%| F|  |TAMS 0x000000008b900000, 0x000000008b900000| Untracked 
| 186|0x000000008ba00000, 0x000000008ba00000, 0x000000008bb00000|  0%| F|  |TAMS 0x000000008ba00000, 0x000000008ba00000| Untracked 
| 187|0x000000008bb00000, 0x000000008bb00000, 0x000000008bc00000|  0%| F|  |TAMS 0x000000008bb00000, 0x000000008bb00000| Untracked 
| 188|0x000000008bc00000, 0x000000008bc00000, 0x000000008bd00000|  0%| F|  |TAMS 0x000000008bc00000, 0x000000008bc00000| Untracked 
| 189|0x000000008bd00000, 0x000000008bd00000, 0x000000008be00000|  0%| F|  |TAMS 0x000000008bd00000, 0x000000008bd00000| Untracked 
| 190|0x000000008be00000, 0x000000008be00000, 0x000000008bf00000|  0%| F|  |TAMS 0x000000008be00000, 0x000000008be00000| Untracked 
| 191|0x000000008bf00000, 0x000000008bf00000, 0x000000008c000000|  0%| F|  |TAMS 0x000000008bf00000, 0x000000008bf00000| Untracked 
| 192|0x000000008c000000, 0x000000008c000000, 0x000000008c100000|  0%| F|  |TAMS 0x000000008c000000, 0x000000008c000000| Untracked 
| 193|0x000000008c100000, 0x000000008c100000, 0x000000008c200000|  0%| F|  |TAMS 0x000000008c100000, 0x000000008c100000| Untracked 
| 194|0x000000008c200000, 0x000000008c200000, 0x000000008c300000|  0%| F|  |TAMS 0x000000008c200000, 0x000000008c200000| Untracked 
| 195|0x000000008c300000, 0x000000008c300000, 0x000000008c400000|  0%| F|  |TAMS 0x000000008c300000, 0x000000008c300000| Untracked 
| 196|0x000000008c400000, 0x000000008c400000, 0x000000008c500000|  0%| F|  |TAMS 0x000000008c400000, 0x000000008c400000| Untracked 
| 197|0x000000008c500000, 0x000000008c500000, 0x000000008c600000|  0%| F|  |TAMS 0x000000008c500000, 0x000000008c500000| Untracked 
| 198|0x000000008c600000, 0x000000008c600000, 0x000000008c700000|  0%| F|  |TAMS 0x000000008c600000, 0x000000008c600000| Untracked 
| 199|0x000000008c700000, 0x000000008c700000, 0x000000008c800000|  0%| F|  |TAMS 0x000000008c700000, 0x000000008c700000| Untracked 
| 200|0x000000008c800000, 0x000000008c800000, 0x000000008c900000|  0%| F|  |TAMS 0x000000008c800000, 0x000000008c800000| Untracked 
| 201|0x000000008c900000, 0x000000008c900000, 0x000000008ca00000|  0%| F|  |TAMS 0x000000008c900000, 0x000000008c900000| Untracked 
| 202|0x000000008ca00000, 0x000000008ca00000, 0x000000008cb00000|  0%| F|  |TAMS 0x000000008ca00000, 0x000000008ca00000| Untracked 
| 203|0x000000008cb00000, 0x000000008cb00000, 0x000000008cc00000|  0%| F|  |TAMS 0x000000008cb00000, 0x000000008cb00000| Untracked 
| 204|0x000000008cc00000, 0x000000008cc00000, 0x000000008cd00000|  0%| F|  |TAMS 0x000000008cc00000, 0x000000008cc00000| Untracked 
| 205|0x000000008cd00000, 0x000000008cd00000, 0x000000008ce00000|  0%| F|  |TAMS 0x000000008cd00000, 0x000000008cd00000| Untracked 
| 206|0x000000008ce00000, 0x000000008ce00000, 0x000000008cf00000|  0%| F|  |TAMS 0x000000008ce00000, 0x000000008ce00000| Untracked 
| 207|0x000000008cf00000, 0x000000008cf00000, 0x000000008d000000|  0%| F|  |TAMS 0x000000008cf00000, 0x000000008cf00000| Untracked 
| 208|0x000000008d000000, 0x000000008d000000, 0x000000008d100000|  0%| F|  |TAMS 0x000000008d000000, 0x000000008d000000| Untracked 
| 209|0x000000008d100000, 0x000000008d100000, 0x000000008d200000|  0%| F|  |TAMS 0x000000008d100000, 0x000000008d100000| Untracked 
| 210|0x000000008d200000, 0x000000008d200000, 0x000000008d300000|  0%| F|  |TAMS 0x000000008d200000, 0x000000008d200000| Untracked 
| 211|0x000000008d300000, 0x000000008d300000, 0x000000008d400000|  0%| F|  |TAMS 0x000000008d300000, 0x000000008d300000| Untracked 
| 212|0x000000008d400000, 0x000000008d400000, 0x000000008d500000|  0%| F|  |TAMS 0x000000008d400000, 0x000000008d400000| Untracked 
| 213|0x000000008d500000, 0x000000008d500000, 0x000000008d600000|  0%| F|  |TAMS 0x000000008d500000, 0x000000008d500000| Untracked 
| 214|0x000000008d600000, 0x000000008d600000, 0x000000008d700000|  0%| F|  |TAMS 0x000000008d600000, 0x000000008d600000| Untracked 
| 215|0x000000008d700000, 0x000000008d700000, 0x000000008d800000|  0%| F|  |TAMS 0x000000008d700000, 0x000000008d700000| Untracked 
| 216|0x000000008d800000, 0x000000008d8dbed0, 0x000000008d900000| 85%| E|  |TAMS 0x000000008d800000, 0x000000008d800000| Complete 
| 217|0x000000008d900000, 0x000000008da00000, 0x000000008da00000|100%| E|CS|TAMS 0x000000008d900000, 0x000000008d900000| Complete 
| 218|0x000000008da00000, 0x000000008db00000, 0x000000008db00000|100%| E|CS|TAMS 0x000000008da00000, 0x000000008da00000| Complete 
| 219|0x000000008db00000, 0x000000008dc00000, 0x000000008dc00000|100%| E|CS|TAMS 0x000000008db00000, 0x000000008db00000| Complete 
| 220|0x000000008dc00000, 0x000000008dd00000, 0x000000008dd00000|100%| E|CS|TAMS 0x000000008dc00000, 0x000000008dc00000| Complete 
| 221|0x000000008dd00000, 0x000000008de00000, 0x000000008de00000|100%| E|CS|TAMS 0x000000008dd00000, 0x000000008dd00000| Complete 

Card table byte_map: [0x00000275f2710000,0x00000275f2b10000] _byte_map_base: 0x00000275f2310000

Marking Bits (Prev, Next): (CMBitMap*) 0x00000275df5335e8, (CMBitMap*) 0x00000275df533620
 Prev Bits: [0x00000275f2f10000, 0x00000275f4f10000)
 Next Bits: [0x00000275f4f10000, 0x00000275f6f10000)

Polling page: 0x00000275dd440000

Metaspace:

Usage:
  Non-class:    111.33 MB capacity,   109.21 MB ( 98%) used,     1.72 MB (  2%) free+waste,   405.94 KB ( <1%) overhead. 
      Class:     16.42 MB capacity,    15.22 MB ( 93%) used,     1.02 MB (  6%) free+waste,   176.94 KB (  1%) overhead. 
       Both:    127.75 MB capacity,   124.43 MB ( 97%) used,     2.74 MB (  2%) free+waste,   582.88 KB ( <1%) overhead. 

Virtual space:
  Non-class space:      112.00 MB reserved,     111.75 MB (>99%) committed 
      Class space:        1.00 GB reserved,      16.95 MB (  2%) committed 
             Both:        1.11 GB reserved,     128.70 MB ( 11%) committed 

Chunk freelists:
   Non-Class:  433.00 KB
       Class:  435.00 KB
        Both:  868.00 KB

MaxMetaspaceSize: 17179869184.00 GB
CompressedClassSpaceSize: 1.00 GB

CodeHeap 'non-profiled nmethods': size=120000Kb used=14109Kb max_used=14109Kb free=105890Kb
 bounds [0x00000275eaab0000, 0x00000275eb880000, 0x00000275f1fe0000]
CodeHeap 'profiled nmethods': size=120000Kb used=43413Kb max_used=44139Kb free=76586Kb
 bounds [0x00000275e3580000, 0x00000275e60b0000, 0x00000275eaab0000]
CodeHeap 'non-nmethods': size=5760Kb used=2415Kb max_used=2476Kb free=3344Kb
 bounds [0x00000275e2fe0000, 0x00000275e3260000, 0x00000275e3580000]
 total_blobs=21453 nmethods=20380 adapters=983
 compilation: enabled
              stopped_count=0, restarted_count=0
 full_count=0

Compilation events (20 events):
Event: 3572.388 Thread 0x0000027589fe9800 22209       4       org.gradle.internal.logging.progress.DefaultProgressLoggerFactory$ProgressLoggerImpl::completed (61 bytes)
Event: 3572.388 Thread 0x00000275fa200000 22210       4       org.gradle.internal.operations.DefaultBuildOperationRunner$BuildOperationTrackingListener::stop (36 bytes)
Event: 3572.388 Thread 0x00000275fa204000 22212   !   3       java.util.ArrayList::batchRemove (184 bytes)
Event: 3572.389 Thread 0x00000275fa204000 nmethod 22212 0x00000275e413ba10 code [0x00000275e413bc60, 0x00000275e413c718]
Event: 3572.390 Thread 0x00000275fa204000 22215       3       java.math.MutableBigInteger::<init> (21 bytes)
Event: 3572.391 Thread 0x00000275fa204000 nmethod 22215 0x00000275e409f790 code [0x00000275e409f940, 0x00000275e409faf8]
Event: 3572.397 Thread 0x00000275fa204000 22216       3       com.google.common.base.CharMatcher$Or::matches (28 bytes)
Event: 3572.397 Thread 0x00000275fa204000 nmethod 22216 0x00000275e40a7990 code [0x00000275e40a7b60, 0x00000275e40a7e78]
Event: 3572.418 Thread 0x0000027589fe9800 nmethod 22209 0x00000275eb86e990 code [0x00000275eb86ebe0, 0x00000275eb86fa28]
Event: 3572.418 Thread 0x0000027589fe9800 22213       4       org.gradle.api.internal.collections.AbstractIterationOrderRetainingElementSource$RealizedElementCollectionIterator::updateNext (157 bytes)
Event: 3572.444 Thread 0x0000027589fe9800 nmethod 22213 0x00000275eb870410 code [0x00000275eb870660, 0x00000275eb871738]
Event: 3572.444 Thread 0x0000027589fe9800 22214       4       java.util.Collections$SingletonList::iterator (8 bytes)
Event: 3572.445 Thread 0x0000027589fe9800 nmethod 22214 0x00000275eb08ea90 code [0x00000275eb08ec20, 0x00000275eb08ecf8]
Event: 3572.446 Thread 0x0000027589fe9800 22211       4       org.gradle.internal.logging.progress.DefaultProgressLoggerFactory$ProgressLoggerImpl::assertRunning (63 bytes)
Event: 3572.446 Thread 0x0000027589fe9800 nmethod 22211 0x00000275eb097f10 code [0x00000275eb0980a0, 0x00000275eb098138]
Event: 3572.451 Thread 0x0000027589fe9800 22217       4       com.google.common.reflect.TypeResolver::resolveType (74 bytes)
Event: 3572.464 Thread 0x00000275fa204000 22218       3       com.google.common.reflect.TypeToken::getRawTypes (34 bytes)
Event: 3572.465 Thread 0x00000275fa204000 nmethod 22218 0x00000275e4157610 code [0x00000275e41578a0, 0x00000275e41586c8]
Event: 3572.465 Thread 0x00000275fa204000 22219       3       com.google.common.reflect.TypeToken$4::<init> (15 bytes)
Event: 3572.466 Thread 0x00000275fa204000 nmethod 22219 0x00000275e4146e10 code [0x00000275e4147020, 0x00000275e41476f8]

GC Heap History (20 events):
Event: 204.493 GC heap before
{Heap before GC invocations=57 (full 0):
 garbage-first heap   total 189440K, used 147153K [0x0000000080000000, 0x0000000100000000)
  region size 1024K, 28 young (28672K), 4 survivors (4096K)
 Metaspace       used 125506K, capacity 128808K, committed 130124K, reserved 1163264K
  class space    used 15505K, capacity 16718K, committed 17228K, reserved 1048576K
}
Event: 204.500 GC heap after
{Heap after GC invocations=58 (full 0):
 garbage-first heap   total 189440K, used 125782K [0x0000000080000000, 0x0000000100000000)
  region size 1024K, 3 young (3072K), 3 survivors (3072K)
 Metaspace       used 125506K, capacity 128808K, committed 130124K, reserved 1163264K
  class space    used 15505K, capacity 16718K, committed 17228K, reserved 1048576K
}
Event: 204.532 GC heap before
{Heap before GC invocations=58 (full 0):
 garbage-first heap   total 189440K, used 131926K [0x0000000080000000, 0x0000000100000000)
  region size 1024K, 9 young (9216K), 3 survivors (3072K)
 Metaspace       used 125557K, capacity 128808K, committed 130124K, reserved 1163264K
  class space    used 15507K, capacity 16718K, committed 17228K, reserved 1048576K
}
Event: 204.541 GC heap after
{Heap after GC invocations=59 (full 0):
 garbage-first heap   total 189440K, used 123216K [0x0000000080000000, 0x0000000100000000)
  region size 1024K, 2 young (2048K), 2 survivors (2048K)
 Metaspace       used 125557K, capacity 128808K, committed 130124K, reserved 1163264K
  class space    used 15507K, capacity 16718K, committed 17228K, reserved 1048576K
}
Event: 204.666 GC heap before
{Heap before GC invocations=59 (full 0):
 garbage-first heap   total 189440K, used 147792K [0x0000000080000000, 0x0000000100000000)
  region size 1024K, 27 young (27648K), 2 survivors (2048K)
 Metaspace       used 125781K, capacity 129064K, committed 130380K, reserved 1163264K
  class space    used 15515K, capacity 16718K, committed 17228K, reserved 1048576K
}
Event: 204.672 GC heap after
{Heap after GC invocations=60 (full 0):
 garbage-first heap   total 189440K, used 124562K [0x0000000080000000, 0x0000000100000000)
  region size 1024K, 3 young (3072K), 3 survivors (3072K)
 Metaspace       used 125781K, capacity 129064K, committed 130380K, reserved 1163264K
  class space    used 15515K, capacity 16718K, committed 17228K, reserved 1048576K
}
Event: 204.850 GC heap before
{Heap before GC invocations=60 (full 0):
 garbage-first heap   total 189440K, used 151186K [0x0000000080000000, 0x0000000100000000)
  region size 1024K, 29 young (29696K), 3 survivors (3072K)
 Metaspace       used 126114K, capacity 129384K, committed 130636K, reserved 1163264K
  class space    used 15531K, capacity 16718K, committed 17228K, reserved 1048576K
}
Event: 204.854 GC heap after
{Heap after GC invocations=61 (full 0):
 garbage-first heap   total 227328K, used 123753K [0x0000000080000000, 0x0000000100000000)
  region size 1024K, 1 young (1024K), 1 survivors (1024K)
 Metaspace       used 126114K, capacity 129384K, committed 130636K, reserved 1163264K
  class space    used 15531K, capacity 16718K, committed 17228K, reserved 1048576K
}
Event: 206.672 GC heap before
{Heap before GC invocations=61 (full 0):
 garbage-first heap   total 227328K, used 170857K [0x0000000080000000, 0x0000000100000000)
  region size 1024K, 48 young (49152K), 1 survivors (1024K)
 Metaspace       used 126362K, capacity 129646K, committed 130892K, reserved 1163264K
  class space    used 15543K, capacity 16740K, committed 17228K, reserved 1048576K
}
Event: 206.677 GC heap after
{Heap after GC invocations=62 (full 0):
 garbage-first heap   total 227328K, used 127739K [0x0000000080000000, 0x0000000100000000)
  region size 1024K, 5 young (5120K), 5 survivors (5120K)
 Metaspace       used 126362K, capacity 129646K, committed 130892K, reserved 1163264K
  class space    used 15543K, capacity 16740K, committed 17228K, reserved 1048576K
}
Event: 207.000 GC heap before
{Heap before GC invocations=62 (full 0):
 garbage-first heap   total 227328K, used 156411K [0x0000000080000000, 0x0000000100000000)
  region size 1024K, 35 young (35840K), 5 survivors (5120K)
 Metaspace       used 126447K, capacity 129716K, committed 130892K, reserved 1163264K
  class space    used 15545K, capacity 16742K, committed 17228K, reserved 1048576K
}
Event: 207.008 GC heap after
{Heap after GC invocations=63 (full 0):
 garbage-first heap   total 227328K, used 128348K [0x0000000080000000, 0x0000000100000000)
  region size 1024K, 2 young (2048K), 2 survivors (2048K)
 Metaspace       used 126447K, capacity 129716K, committed 130892K, reserved 1163264K
  class space    used 15545K, capacity 16742K, committed 17228K, reserved 1048576K
}
Event: 207.663 GC heap before
{Heap before GC invocations=64 (full 0):
 garbage-first heap   total 227328K, used 170332K [0x0000000080000000, 0x0000000100000000)
  region size 1024K, 52 young (53248K), 2 survivors (2048K)
 Metaspace       used 126879K, capacity 130210K, committed 131532K, reserved 1163264K
  class space    used 15568K, capacity 16780K, committed 17356K, reserved 1048576K
}
Event: 207.668 GC heap after
{Heap after GC invocations=65 (full 0):
 garbage-first heap   total 227328K, used 120247K [0x0000000080000000, 0x0000000100000000)
  region size 1024K, 2 young (2048K), 2 survivors (2048K)
 Metaspace       used 126879K, capacity 130210K, committed 131532K, reserved 1163264K
  class space    used 15568K, capacity 16780K, committed 17356K, reserved 1048576K
}
Event: 207.782 GC heap before
{Heap before GC invocations=65 (full 0):
 garbage-first heap   total 227328K, used 129463K [0x0000000080000000, 0x0000000100000000)
  region size 1024K, 11 young (11264K), 2 survivors (2048K)
 Metaspace       used 126955K, capacity 130327K, committed 131532K, reserved 1163264K
  class space    used 15572K, capacity 16788K, committed 17356K, reserved 1048576K
}
Event: 207.789 GC heap after
{Heap after GC invocations=66 (full 0):
 garbage-first heap   total 227328K, used 98206K [0x0000000080000000, 0x0000000100000000)
  region size 1024K, 1 young (1024K), 1 survivors (1024K)
 Metaspace       used 126955K, capacity 130327K, committed 131532K, reserved 1163264K
  class space    used 15572K, capacity 16788K, committed 17356K, reserved 1048576K
}
Event: 366.097 GC heap before
{Heap before GC invocations=66 (full 0):
 garbage-first heap   total 227328K, used 121758K [0x0000000080000000, 0x0000000100000000)
  region size 1024K, 11 young (11264K), 1 survivors (1024K)
 Metaspace       used 127132K, capacity 130479K, committed 131532K, reserved 1163264K
  class space    used 15576K, capacity 16794K, committed 17356K, reserved 1048576K
}
Event: 366.100 GC heap after
{Heap after GC invocations=67 (full 0):
 garbage-first heap   total 227328K, used 97790K [0x0000000080000000, 0x0000000100000000)
  region size 1024K, 1 young (1024K), 1 survivors (1024K)
 Metaspace       used 127132K, capacity 130479K, committed 131532K, reserved 1163264K
  class space    used 15576K, capacity 16794K, committed 17356K, reserved 1048576K
}
Event: 3572.147 GC heap before
{Heap before GC invocations=67 (full 0):
 garbage-first heap   total 227328K, used 169470K [0x0000000080000000, 0x0000000100000000)
  region size 1024K, 72 young (73728K), 1 survivors (1024K)
 Metaspace       used 127410K, capacity 130812K, committed 131788K, reserved 1163264K
  class space    used 15587K, capacity 16813K, committed 17356K, reserved 1048576K
}
Event: 3572.196 GC heap after
{Heap after GC invocations=68 (full 0):
 garbage-first heap   total 227328K, used 98940K [0x0000000080000000, 0x0000000100000000)
  region size 1024K, 2 young (2048K), 2 survivors (2048K)
 Metaspace       used 127410K, capacity 130812K, committed 131788K, reserved 1163264K
  class space    used 15587K, capacity 16813K, committed 17356K, reserved 1048576K
}

Deoptimization events (20 events):
Event: 670.092 Thread 0x00000275fc10b800 Uncommon trap: trap_request=0xffffffde fr.pc=0x00000275ead1cd28 relative=0x0000000000000108
Event: 670.092 Thread 0x00000275fc10b800 Uncommon trap: reason=class_check action=maybe_recompile pc=0x00000275ead1cd28 method=jdk.internal.misc.Unsafe.allocateUninitializedArray(Ljava/lang/Class;I)Ljava/lang/Object; @ 48 c2
Event: 670.092 Thread 0x00000275fc10b800 DEOPT PACKING pc=0x00000275ead1cd28 sp=0x000000c356afe7c0
Event: 670.092 Thread 0x00000275fc10b800 DEOPT UNPACKING pc=0x00000275e30078af sp=0x000000c356afe748 mode 2
Event: 3571.159 Thread 0x00000275fac1a800 Uncommon trap: trap_request=0xffffffde fr.pc=0x00000275eb2398d8 relative=0x0000000000000938
Event: 3571.159 Thread 0x00000275fac1a800 Uncommon trap: reason=class_check action=maybe_recompile pc=0x00000275eb2398d8 method=com.google.common.cache.LocalCache$Segment.getLiveValue(Lcom/google/common/cache/ReferenceEntry;J)Ljava/lang/Object; @ 21 c2
Event: 3571.159 Thread 0x00000275fac1a800 DEOPT PACKING pc=0x00000275eb2398d8 sp=0x000000c356bfbbc0
Event: 3571.160 Thread 0x00000275fac1a800 DEOPT UNPACKING pc=0x00000275e30078af sp=0x000000c356bfbaf8 mode 2
Event: 3572.421 Thread 0x00000275fac1a800 Uncommon trap: trap_request=0xffffffbe fr.pc=0x00000275eb76f998 relative=0x0000000000000c58
Event: 3572.421 Thread 0x00000275fac1a800 Uncommon trap: reason=profile_predicate action=maybe_recompile pc=0x00000275eb76f998 method=com.google.common.base.Splitter$SplittingIterator.computeNext()Ljava/lang/String; @ 137 c2
Event: 3572.421 Thread 0x00000275fac1a800 DEOPT PACKING pc=0x00000275eb76f998 sp=0x000000c356bf9070
Event: 3572.422 Thread 0x00000275fac1a800 DEOPT UNPACKING pc=0x00000275e30078af sp=0x000000c356bf8f10 mode 2
Event: 3572.424 Thread 0x00000275fac1a800 Uncommon trap: trap_request=0xffffffbe fr.pc=0x00000275eb76f998 relative=0x0000000000000c58
Event: 3572.424 Thread 0x00000275fac1a800 Uncommon trap: reason=profile_predicate action=maybe_recompile pc=0x00000275eb76f998 method=com.google.common.base.Splitter$SplittingIterator.computeNext()Ljava/lang/String; @ 137 c2
Event: 3572.424 Thread 0x00000275fac1a800 DEOPT PACKING pc=0x00000275eb76f998 sp=0x000000c356bf9070
Event: 3572.425 Thread 0x00000275fac1a800 DEOPT UNPACKING pc=0x00000275e30078af sp=0x000000c356bf8f10 mode 2
Event: 3572.425 Thread 0x00000275fac1a800 Uncommon trap: trap_request=0xffffffbe fr.pc=0x00000275eb76f998 relative=0x0000000000000c58
Event: 3572.425 Thread 0x00000275fac1a800 Uncommon trap: reason=profile_predicate action=maybe_recompile pc=0x00000275eb76f998 method=com.google.common.base.Splitter$SplittingIterator.computeNext()Ljava/lang/String; @ 137 c2
Event: 3572.425 Thread 0x00000275fac1a800 DEOPT PACKING pc=0x00000275eb76f998 sp=0x000000c356bf9070
Event: 3572.425 Thread 0x00000275fac1a800 DEOPT UNPACKING pc=0x00000275e30078af sp=0x000000c356bf8f10 mode 2

Classes redefined (0 events):
No events

Internal exceptions (20 events):
Event: 207.522 Thread 0x00000275fd914000 Exception <a 'sun/nio/fs/WindowsException'{0x000000008b56ee60}> (0x000000008b56ee60) thrown at [./src/hotspot/share/prims/jni.cpp, line 615]
Event: 207.524 Thread 0x00000275fd914000 Exception <a 'sun/nio/fs/WindowsException'{0x000000008b599b88}> (0x000000008b599b88) thrown at [./src/hotspot/share/prims/jni.cpp, line 615]
Event: 207.524 Thread 0x00000275fd914000 Exception <a 'sun/nio/fs/WindowsException'{0x000000008b599d18}> (0x000000008b599d18) thrown at [./src/hotspot/share/prims/jni.cpp, line 615]
Event: 207.533 Thread 0x00000275fd914000 Exception <a 'sun/nio/fs/WindowsException'{0x000000008b488b18}> (0x000000008b488b18) thrown at [./src/hotspot/share/prims/jni.cpp, line 615]
Event: 207.536 Thread 0x00000275fd914000 Exception <a 'sun/nio/fs/WindowsException'{0x000000008b4970b8}> (0x000000008b4970b8) thrown at [./src/hotspot/share/prims/jni.cpp, line 615]
Event: 207.538 Thread 0x00000275fd914000 Exception <a 'sun/nio/fs/WindowsException'{0x000000008b4a4f98}> (0x000000008b4a4f98) thrown at [./src/hotspot/share/prims/jni.cpp, line 615]
Event: 207.556 Thread 0x00000275fd914000 Exception <a 'sun/nio/fs/WindowsException'{0x000000008b13da88}> (0x000000008b13da88) thrown at [./src/hotspot/share/prims/jni.cpp, line 615]
Event: 207.558 Thread 0x00000275fd914000 Exception <a 'sun/nio/fs/WindowsException'{0x000000008b144860}> (0x000000008b144860) thrown at [./src/hotspot/share/prims/jni.cpp, line 615]
Event: 207.560 Thread 0x00000275fd914000 Exception <a 'sun/nio/fs/WindowsException'{0x000000008b149fe0}> (0x000000008b149fe0) thrown at [./src/hotspot/share/prims/jni.cpp, line 615]
Event: 207.562 Thread 0x00000275fd914000 Exception <a 'sun/nio/fs/WindowsException'{0x000000008b14f0a8}> (0x000000008b14f0a8) thrown at [./src/hotspot/share/prims/jni.cpp, line 615]
Event: 207.564 Thread 0x00000275fd914000 Exception <a 'sun/nio/fs/WindowsException'{0x000000008b154b70}> (0x000000008b154b70) thrown at [./src/hotspot/share/prims/jni.cpp, line 615]
Event: 207.566 Thread 0x00000275fd914000 Exception <a 'sun/nio/fs/WindowsException'{0x000000008b162fd8}> (0x000000008b162fd8) thrown at [./src/hotspot/share/prims/jni.cpp, line 615]
Event: 207.573 Thread 0x00000275fd914000 Implicit null exception at 0x00000275eb411820 to 0x00000275eb411f8c
Event: 207.680 Thread 0x00000275fd910800 Exception <a 'sun/nio/fs/WindowsException'{0x000000008da3d740}> (0x000000008da3d740) thrown at [./src/hotspot/share/prims/jni.cpp, line 615]
Event: 207.711 Thread 0x00000275fd910800 Implicit null exception at 0x00000275eb454592 to 0x00000275eb45478c
Event: 207.729 Thread 0x00000275fd910800 Exception <a 'sun/nio/fs/WindowsException'{0x000000008d8fdba8}> (0x000000008d8fdba8) thrown at [./src/hotspot/share/prims/jni.cpp, line 615]
Event: 207.780 Thread 0x00000275fd90e000 Exception <a 'sun/nio/fs/WindowsException'{0x000000008d576840}> (0x000000008d576840) thrown at [./src/hotspot/share/prims/jni.cpp, line 615]
Event: 207.804 Thread 0x00000275fd90e000 Exception <a 'sun/nio/fs/WindowsException'{0x000000008dc5f310}> (0x000000008dc5f310) thrown at [./src/hotspot/share/prims/jni.cpp, line 615]
Event: 207.890 Thread 0x00000275fd914800 Exception <a 'java/lang/NoSuchMethodError'{0x000000008d82b030}: 'java.lang.Object java.lang.invoke.DirectMethodHandle$Holder.invokeVirtual(java.lang.Object, java.lang.Object, int)'> (0x000000008d82b030) thrown at [./src/hotspot/share/interpreter/linkResolver.cpp, line 773]
Event: 207.936 Thread 0x00000275fac20800 Exception <a 'sun/nio/fs/WindowsException'{0x000000008d8a49d8}> (0x000000008d8a49d8) thrown at [./src/hotspot/share/prims/jni.cpp, line 615]

Events (20 events):
Event: 3571.102 Executing VM operation: RevokeBias done
Event: 3571.161 Thread 0x00000275fac1e800 Thread added: 0x00000275fac1e800
Event: 3571.215 Executing VM operation: RevokeBias
Event: 3571.215 Executing VM operation: RevokeBias done
Event: 3571.215 Executing VM operation: RevokeBias
Event: 3571.215 Executing VM operation: RevokeBias done
Event: 3571.348 Thread 0x00000275fac20800 Thread added: 0x00000275fac20800
Event: 3571.835 Thread 0x0000027589fe9800 Thread added: 0x0000027589fe9800
Event: 3571.894 Thread 0x00000275fd909800 Thread added: 0x00000275fd909800
Event: 3571.895 Thread 0x00000275fd90b000 Thread added: 0x00000275fd90b000
Event: 3571.895 Thread 0x00000275fd90a000 Thread added: 0x00000275fd90a000
Event: 3571.895 Thread 0x00000275fd90b800 Thread added: 0x00000275fd90b800
Event: 3571.895 Thread 0x00000275fd906000 Thread added: 0x00000275fd906000
Event: 3571.895 Thread 0x00000275fd90c800 Thread added: 0x00000275fd90c800
Event: 3571.896 Thread 0x00000275fd90d800 Thread added: 0x00000275fd90d800
Event: 3571.896 Thread 0x00000275fd90e000 Thread added: 0x00000275fd90e000
Event: 3571.896 Executing VM operation: RevokeBias
Event: 3571.897 Executing VM operation: RevokeBias done
Event: 3572.146 Executing VM operation: G1CollectForAllocation
Event: 3572.196 Executing VM operation: G1CollectForAllocation done


Dynamic libraries:
0x00007ff731310000 - 0x00007ff73131a000 	C:\Program Files\Android\Android Studio\jre\bin\java.exe
0x00007ffb97c20000 - 0x00007ffb97e27000 	C:\WINDOWS\SYSTEM32\ntdll.dll
0x00007ffb973c0000 - 0x00007ffb9747d000 	C:\WINDOWS\System32\KERNEL32.DLL
0x00007ffb95400000 - 0x00007ffb95774000 	C:\WINDOWS\System32\KERNELBASE.dll
0x00007ffb951c0000 - 0x00007ffb952d1000 	C:\WINDOWS\System32\ucrtbase.dll
0x00007ffb84020000 - 0x00007ffb84037000 	C:\Program Files\Android\Android Studio\jre\bin\VCRUNTIME140.dll
0x00007ffb84000000 - 0x00007ffb84019000 	C:\Program Files\Android\Android Studio\jre\bin\jli.dll
0x00007ffb96e90000 - 0x00007ffb9703c000 	C:\WINDOWS\System32\USER32.dll
0x00007ffb95a10000 - 0x00007ffb95a36000 	C:\WINDOWS\System32\win32u.dll
0x00007ffb7f920000 - 0x00007ffb7fbc5000 	C:\WINDOWS\WinSxS\amd64_microsoft.windows.common-controls_6595b64144ccf1df_6.0.22000.120_none_9d947278b86cc467\COMCTL32.dll
0x00007ffb95b20000 - 0x00007ffb95b49000 	C:\WINDOWS\System32\GDI32.dll
0x00007ffb960a0000 - 0x00007ffb96143000 	C:\WINDOWS\System32\msvcrt.dll
0x00007ffb952e0000 - 0x00007ffb953f2000 	C:\WINDOWS\System32\gdi32full.dll
0x00007ffb95780000 - 0x00007ffb9581d000 	C:\WINDOWS\System32\msvcp_win.dll
0x00007ffb95d10000 - 0x00007ffb95d41000 	C:\WINDOWS\System32\IMM32.DLL
0x00007ffb83c30000 - 0x00007ffb83ccd000 	C:\Program Files\Android\Android Studio\jre\bin\msvcp140.dll
0x00007ffb39ff0000 - 0x00007ffb3aabf000 	C:\Program Files\Android\Android Studio\jre\bin\server\jvm.dll
0x00007ffb96150000 - 0x00007ffb961fc000 	C:\WINDOWS\System32\ADVAPI32.dll
0x00007ffb95fa0000 - 0x00007ffb9603d000 	C:\WINDOWS\System32\sechost.dll
0x00007ffb96200000 - 0x00007ffb96321000 	C:\WINDOWS\System32\RPCRT4.dll
0x00007ffb95b50000 - 0x00007ffb95b58000 	C:\WINDOWS\System32\PSAPI.DLL
0x00007ffb824d0000 - 0x00007ffb824d9000 	C:\WINDOWS\SYSTEM32\WSOCK32.dll
0x00007ffb8e0c0000 - 0x00007ffb8e0f3000 	C:\WINDOWS\SYSTEM32\WINMM.dll
0x00007ffb96e20000 - 0x00007ffb96e8f000 	C:\WINDOWS\System32\WS2_32.dll
0x00007ffb8bea0000 - 0x00007ffb8beaa000 	C:\WINDOWS\SYSTEM32\VERSION.dll
0x00007ffb94220000 - 0x00007ffb94238000 	C:\WINDOWS\SYSTEM32\kernel.appcore.dll
0x00007ffb8bd50000 - 0x00007ffb8bd61000 	C:\Program Files\Android\Android Studio\jre\bin\verify.dll
0x00007ffb92c60000 - 0x00007ffb92e81000 	C:\WINDOWS\SYSTEM32\DBGHELP.DLL
0x00007ffb81780000 - 0x00007ffb817b1000 	C:\WINDOWS\SYSTEM32\dbgcore.DLL
0x00007ffb95820000 - 0x00007ffb958a0000 	C:\WINDOWS\System32\bcryptPrimitives.dll
0x00007ffb844c0000 - 0x00007ffb844e9000 	C:\Program Files\Android\Android Studio\jre\bin\java.dll
0x00007ffb91460000 - 0x00007ffb9146b000 	C:\Program Files\Android\Android Studio\jre\bin\jimage.dll
0x00007ffb84820000 - 0x00007ffb84838000 	C:\Program Files\Android\Android Studio\jre\bin\zip.dll
0x00007ffb96670000 - 0x00007ffb96e1a000 	C:\WINDOWS\System32\SHELL32.dll
0x00007ffb93260000 - 0x00007ffb93ac2000 	C:\WINDOWS\SYSTEM32\windows.storage.dll
0x00007ffb97040000 - 0x00007ffb973b8000 	C:\WINDOWS\System32\combase.dll
0x00007ffb930f0000 - 0x00007ffb93256000 	C:\WINDOWS\SYSTEM32\wintypes.dll
0x00007ffb96340000 - 0x00007ffb9642a000 	C:\WINDOWS\System32\SHCORE.dll
0x00007ffb96610000 - 0x00007ffb9666d000 	C:\WINDOWS\System32\shlwapi.dll
0x00007ffb95030000 - 0x00007ffb95051000 	C:\WINDOWS\SYSTEM32\profapi.dll
0x00007ffb847c0000 - 0x00007ffb847da000 	C:\Program Files\Android\Android Studio\jre\bin\net.dll
0x00007ffb8ee20000 - 0x00007ffb8ef2c000 	C:\WINDOWS\SYSTEM32\WINHTTP.dll
0x00007ffb94630000 - 0x00007ffb94697000 	C:\WINDOWS\system32\mswsock.dll
0x00007ffb84470000 - 0x00007ffb84484000 	C:\Program Files\Android\Android Studio\jre\bin\nio.dll
0x00007ffb84250000 - 0x00007ffb84277000 	C:\Users\Aagam Shah\.gradle\native\8bec1ad78214c89d9ad589b4d07fe93259594b29d510b10fafb7a158f7737e5d\windows-amd64\native-platform.dll
0x00007ffb3b330000 - 0x00007ffb3b46d000 	C:\Users\Aagam Shah\.gradle\native\53dbd7edfb1c66fb8903c78663c9afc45aea4f116125fa6feffd364cf09443e8\windows-amd64\native-platform-file-events.dll
0x00007ffb90ce0000 - 0x00007ffb90cea000 	C:\Program Files\Android\Android Studio\jre\bin\management.dll
0x00007ffb8fbe0000 - 0x00007ffb8fbec000 	C:\Program Files\Android\Android Studio\jre\bin\management_ext.dll
0x00007ffb94870000 - 0x00007ffb94888000 	C:\WINDOWS\SYSTEM32\CRYPTSP.dll
0x00007ffb94180000 - 0x00007ffb941b5000 	C:\WINDOWS\system32\rsaenh.dll
0x00007ffb94720000 - 0x00007ffb94749000 	C:\WINDOWS\SYSTEM32\USERENV.dll
0x00007ffb949f0000 - 0x00007ffb94a17000 	C:\WINDOWS\SYSTEM32\bcrypt.dll
0x00007ffb94890000 - 0x00007ffb9489c000 	C:\WINDOWS\SYSTEM32\CRYPTBASE.dll
0x00007ffb93d60000 - 0x00007ffb93d8d000 	C:\WINDOWS\SYSTEM32\IPHLPAPI.DLL
0x00007ffb96330000 - 0x00007ffb96339000 	C:\WINDOWS\System32\NSI.dll
0x00007ffb8edf0000 - 0x00007ffb8ee09000 	C:\WINDOWS\SYSTEM32\dhcpcsvc6.DLL
0x00007ffb8f450000 - 0x00007ffb8f46e000 	C:\WINDOWS\SYSTEM32\dhcpcsvc.DLL
0x00007ffb93de0000 - 0x00007ffb93ec7000 	C:\WINDOWS\SYSTEM32\DNSAPI.dll
0x00007ffb558a0000 - 0x00007ffb55a44000 	C:\Program Files\Android\Android Studio\jre\bin\awt.dll
0x00007ffb97480000 - 0x00007ffb97556000 	C:\WINDOWS\System32\OLEAUT32.dll
0x00007ffb92800000 - 0x00007ffb9282f000 	C:\WINDOWS\SYSTEM32\dwmapi.dll
0x00007ffb92300000 - 0x00007ffb92391000 	C:\WINDOWS\SYSTEM32\apphelp.dll
0x00007ffb92490000 - 0x00007ffb9253c000 	C:\WINDOWS\system32\uxtheme.dll

dbghelp: loaded successfully - version: 4.0.5 - missing functions: none
symbol engine: initialized successfully - sym options: 0x614 - pdb path: .;C:\Program Files\Android\Android Studio\jre\bin;C:\WINDOWS\SYSTEM32;C:\WINDOWS\WinSxS\amd64_microsoft.windows.common-controls_6595b64144ccf1df_6.0.22000.120_none_9d947278b86cc467;C:\Program Files\Android\Android Studio\jre\bin\server;C:\Users\Aagam Shah\.gradle\native\8bec1ad78214c89d9ad589b4d07fe93259594b29d510b10fafb7a158f7737e5d\windows-amd64;C:\Users\Aagam Shah\.gradle\native\53dbd7edfb1c66fb8903c78663c9afc45aea4f116125fa6feffd364cf09443e8\windows-amd64

VM Arguments:
jvm_args: --add-opens=java.base/java.util=ALL-UNNAMED --add-opens=java.base/java.lang=ALL-UNNAMED --add-opens=java.base/java.lang.invoke=ALL-UNNAMED --add-opens=java.base/java.util=ALL-UNNAMED --add-opens=java.prefs/java.util.prefs=ALL-UNNAMED --add-opens=java.prefs/java.util.prefs=ALL-UNNAMED --add-opens=java.base/java.nio.charset=ALL-UNNAMED --add-opens=java.base/java.net=ALL-UNNAMED --add-opens=java.base/java.util.concurrent.atomic=ALL-UNNAMED -Xmx2048m -Dfile.encoding=UTF-8 -Duser.country=IN -Duser.language=en -Duser.variant 
java_command: org.gradle.launcher.daemon.bootstrap.GradleDaemon 7.0.2
java_class_path (initial): C:\Users\Aagam Shah\.gradle\wrapper\dists\gradle-7.0.2-bin\857tjihv64xamwrf0h14cai3r\gradle-7.0.2\lib\gradle-launcher-7.0.2.jar
Launcher Type: SUN_STANDARD

[Global flags]
     intx CICompilerCount                          = 4                                         {product} {ergonomic}
     uint ConcGCThreads                            = 2                                         {product} {ergonomic}
     uint G1ConcRefinementThreads                  = 8                                         {product} {ergonomic}
   size_t G1HeapRegionSize                         = 1048576                                   {product} {ergonomic}
    uintx GCDrainStackTargetSize                   = 64                                        {product} {ergonomic}
   size_t InitialHeapSize                          = 134217728                                 {product} {ergonomic}
   size_t MarkStackSize                            = 4194304                                   {product} {ergonomic}
   size_t MaxHeapSize                              = 2147483648                                {product} {command line}
   size_t MaxNewSize                               = 1287651328                                {product} {ergonomic}
   size_t MinHeapDeltaBytes                        = 1048576                                   {product} {ergonomic}
    uintx NonNMethodCodeHeapSize                   = 5836300                                {pd product} {ergonomic}
    uintx NonProfiledCodeHeapSize                  = 122910970                              {pd product} {ergonomic}
    uintx ProfiledCodeHeapSize                     = 122910970                              {pd product} {ergonomic}
    uintx ReservedCodeCacheSize                    = 251658240                              {pd product} {ergonomic}
     bool SegmentedCodeCache                       = true                                      {product} {ergonomic}
     bool UseCompressedClassPointers               = true                                 {lp64_product} {ergonomic}
     bool UseCompressedOops                        = true                                 {lp64_product} {ergonomic}
     bool UseG1GC                                  = true                                      {product} {ergonomic}
     bool UseLargePagesIndividualAllocation        = false                                  {pd product} {ergonomic}

Logging:
Log output configuration:
 #0: stdout all=warning uptime,level,tags
 #1: stderr all=off uptime,level,tags

Environment Variables:
PATH=C:\oraclexe\app\oracle\product\11.2.0\server\bin;C:\ProgramData\Anaconda3;C:\ProgramData\Anaconda3\Library\mingw-w64\bin;C:\ProgramData\Anaconda3\Library\usr\bin;C:\ProgramData\Anaconda3\Library\bin;C:\ProgramData\Anaconda3\Scripts;C:\WINDOWS\system32;C:\WINDOWS;C:\WINDOWS\System32\Wbem;C:\WINDOWS\System32\WindowsPowerShell\v1.0\;C:\WINDOWS\System32\OpenSSH\;C:\Program Files\Java\jdk-14.0.2\bin;C:\Android;C:\Windows\System32;C:\ProgramData\chocolatey\bin;C:\xampp\php;C:\Program Files (x86)\Intel\Intel(R) Management Engine Components\DAL;C:\Program Files\Intel\Intel(R) Management Engine Components\DAL;C:\Program Files\dotnet\;C:\Program Files\Git\cmd;C:\MinGW\bin;C:\Program Files\nodejs\;C:\ProgramData\ComposerSetup\bin;C:\Program Files\MySQL\MySQL Server 8.0\bin;C:\Users\Aagam Shah\AppData\Local\Programs\Python\Python39\Scripts\;C:\Users\Aagam Shah\AppData\Local\Programs\Python\Python39\;C:\Users\Aagam Shah\AppData\Local\Microsoft\WindowsApps;C:\Users\Aagam Shah\AppData\Local\Programs\Microsoft VS Code\bin;C:\Users\Aagam Shah\.dotnet\tools;C:\Program Files\heroku\bin;C:\Users\Aagam Shah\AppData\Roaming\npm;C:\Program Files\Sublime Text 3;C:\src\flutter\bin;C:\Users\Aagam Shah\AppData\Roaming\Composer\vendor\bin;%USERPROFILE%\AppData\Local\Microsoft\WindowsApps;
USERNAME=Aagam Shah
OS=Windows_NT
PROCESSOR_IDENTIFIER=Intel64 Family 6 Model 142 Stepping 10, GenuineIntel



---------------  S Y S T E M  ---------------

OS: Windows 10 , 64 bit Build 22000 (10.0.22000.318)
OS uptime: 0 days 21:56 hours

CPU:total 8 (initial active 8) (4 cores per cpu, 2 threads per core) family 6 model 142 stepping 10 microcode 0xe0, cmov, cx8, fxsr, mmx, sse, sse2, sse3, ssse3, sse4.1, sse4.2, popcnt, avx, avx2, aes, clmul, erms, 3dnowpref, lzcnt, ht, tsc, tscinvbit, bmi1, bmi2, adx, fma

Memory: 4k page, system-wide physical 8092M (384M free)
TotalPageFile size 12188M (AvailPageFile size 0M)
current process WorkingSet (physical memory assigned to process): 240M, peak: 608M
current process commit charge ("private bytes"): 620M, peak: 640M

vm_info: OpenJDK 64-Bit Server VM (11.0.10+0-b96-7249189) for windows-amd64 JRE (11.0.10+0-b96-7249189), built on Mar 31 2021 21:44:00 by "builder" with MS VC++ 14.0 (VS2015)

END.
